mode: set
github.com/Heikkila-Pty-Ltd/chum-v2/internal/engine/activities.go:39.105,42.16 3 0
github.com/Heikkila-Pty-Ltd/chum-v2/internal/engine/activities.go:42.16,44.3 1 0
github.com/Heikkila-Pty-Ltd/chum-v2/internal/engine/activities.go:45.2,46.19 2 0
github.com/Heikkila-Pty-Ltd/chum-v2/internal/engine/activities.go:54.97,60.50 4 0
github.com/Heikkila-Pty-Ltd/chum-v2/internal/engine/activities.go:60.50,62.3 1 0
github.com/Heikkila-Pty-Ltd/chum-v2/internal/engine/activities.go:65.2,65.71 1 0
github.com/Heikkila-Pty-Ltd/chum-v2/internal/engine/activities.go:65.71,67.3 1 0
github.com/Heikkila-Pty-Ltd/chum-v2/internal/engine/activities.go:70.2,70.69 1 0
github.com/Heikkila-Pty-Ltd/chum-v2/internal/engine/activities.go:70.69,72.3 1 0
github.com/Heikkila-Pty-Ltd/chum-v2/internal/engine/activities.go:75.2,76.38 2 0
github.com/Heikkila-Pty-Ltd/chum-v2/internal/engine/activities.go:76.38,79.21 3 0
github.com/Heikkila-Pty-Ltd/chum-v2/internal/engine/activities.go:79.21,82.52 3 0
github.com/Heikkila-Pty-Ltd/chum-v2/internal/engine/activities.go:82.52,85.5 1 0
github.com/Heikkila-Pty-Ltd/chum-v2/internal/engine/activities.go:86.4,86.47 1 0
github.com/Heikkila-Pty-Ltd/chum-v2/internal/engine/activities.go:91.2,104.16 4 0
github.com/Heikkila-Pty-Ltd/chum-v2/internal/engine/activities.go:104.16,106.3 1 0
github.com/Heikkila-Pty-Ltd/chum-v2/internal/engine/activities.go:108.2,108.26 1 0
github.com/Heikkila-Pty-Ltd/chum-v2/internal/engine/activities.go:108.26,111.3 1 0
github.com/Heikkila-Pty-Ltd/chum-v2/internal/engine/activities.go:114.2,116.16 3 0
github.com/Heikkila-Pty-Ltd/chum-v2/internal/engine/activities.go:116.16,118.3 1 0
github.com/Heikkila-Pty-Ltd/chum-v2/internal/engine/activities.go:118.8,118.22 1 0
github.com/Heikkila-Pty-Ltd/chum-v2/internal/engine/activities.go:118.22,120.3 1 0
github.com/Heikkila-Pty-Ltd/chum-v2/internal/engine/activities.go:120.8,122.3 1 0
github.com/Heikkila-Pty-Ltd/chum-v2/internal/engine/activities.go:124.2,127.8 1 0
github.com/Heikkila-Pty-Ltd/chum-v2/internal/engine/activities.go:133.112,137.9 3 0
github.com/Heikkila-Pty-Ltd/chum-v2/internal/engine/activities.go:137.9,139.3 1 0
github.com/Heikkila-Pty-Ltd/chum-v2/internal/engine/activities.go:141.2,142.22 2 0
github.com/Heikkila-Pty-Ltd/chum-v2/internal/engine/activities.go:142.22,144.3 1 0
github.com/Heikkila-Pty-Ltd/chum-v2/internal/engine/activities.go:146.2,149.21 4 0
github.com/Heikkila-Pty-Ltd/chum-v2/internal/engine/activities.go:155.78,157.2 1 0
github.com/Heikkila-Pty-Ltd/chum-v2/internal/engine/activities.go:162.89,164.2 1 0
github.com/Heikkila-Pty-Ltd/chum-v2/internal/engine/activities.go:167.104,169.16 2 0
github.com/Heikkila-Pty-Ltd/chum-v2/internal/engine/activities.go:169.16,171.3 1 0
github.com/Heikkila-Pty-Ltd/chum-v2/internal/engine/activities.go:172.2,172.18 1 0
github.com/Heikkila-Pty-Ltd/chum-v2/internal/engine/activities.go:176.108,178.16 2 0
github.com/Heikkila-Pty-Ltd/chum-v2/internal/engine/activities.go:178.16,180.3 1 0
github.com/Heikkila-Pty-Ltd/chum-v2/internal/engine/activities.go:181.2,181.18 1 0
github.com/Heikkila-Pty-Ltd/chum-v2/internal/engine/activities.go:187.90,189.2 1 0
github.com/Heikkila-Pty-Ltd/chum-v2/internal/engine/activities.go:193.112,196.16 3 0
github.com/Heikkila-Pty-Ltd/chum-v2/internal/engine/activities.go:196.16,198.3 1 0
github.com/Heikkila-Pty-Ltd/chum-v2/internal/engine/activities.go:199.2,202.17 1 0
github.com/Heikkila-Pty-Ltd/chum-v2/internal/engine/activities.go:202.17,204.3 1 0
github.com/Heikkila-Pty-Ltd/chum-v2/internal/engine/activities.go:208.2,209.16 2 0
github.com/Heikkila-Pty-Ltd/chum-v2/internal/engine/activities.go:209.16,212.3 2 0
github.com/Heikkila-Pty-Ltd/chum-v2/internal/engine/activities.go:213.2,214.9 2 0
github.com/Heikkila-Pty-Ltd/chum-v2/internal/engine/activities.go:214.9,216.3 1 0
github.com/Heikkila-Pty-Ltd/chum-v2/internal/engine/activities.go:217.2,217.23 1 0
github.com/Heikkila-Pty-Ltd/chum-v2/internal/engine/activities.go:218.22,220.55 2 0
github.com/Heikkila-Pty-Ltd/chum-v2/internal/engine/activities.go:220.55,222.4 1 0
github.com/Heikkila-Pty-Ltd/chum-v2/internal/engine/activities.go:223.23,226.18 1 0
github.com/Heikkila-Pty-Ltd/chum-v2/internal/engine/activities.go:226.18,228.4 1 0
github.com/Heikkila-Pty-Ltd/chum-v2/internal/engine/activities.go:230.2,230.12 1 0
github.com/Heikkila-Pty-Ltd/chum-v2/internal/engine/activities.go:236.96,238.2 1 0
github.com/Heikkila-Pty-Ltd/chum-v2/internal/engine/activities.go:244.87,246.2 1 0
github.com/Heikkila-Pty-Ltd/chum-v2/internal/engine/activities.go:252.106,253.18 1 0
github.com/Heikkila-Pty-Ltd/chum-v2/internal/engine/activities.go:253.18,255.35 2 0
github.com/Heikkila-Pty-Ltd/chum-v2/internal/engine/activities.go:255.35,256.24 1 0
github.com/Heikkila-Pty-Ltd/chum-v2/internal/engine/activities.go:256.24,259.26 3 0
github.com/Heikkila-Pty-Ltd/chum-v2/internal/engine/activities.go:259.26,265.6 2 0
github.com/Heikkila-Pty-Ltd/chum-v2/internal/engine/activities.go:267.4,267.34 1 0
github.com/Heikkila-Pty-Ltd/chum-v2/internal/engine/activities.go:269.3,269.80 1 0
github.com/Heikkila-Pty-Ltd/chum-v2/internal/engine/activities.go:271.2,271.39 1 0
github.com/Heikkila-Pty-Ltd/chum-v2/internal/engine/activities.go:276.67,281.58 4 0
github.com/Heikkila-Pty-Ltd/chum-v2/internal/engine/activities.go:281.58,283.3 1 0
github.com/Heikkila-Pty-Ltd/chum-v2/internal/engine/activities.go:285.2,292.58 3 0
github.com/Heikkila-Pty-Ltd/chum-v2/internal/engine/activities.go:292.58,294.23 2 0
github.com/Heikkila-Pty-Ltd/chum-v2/internal/engine/activities.go:294.23,296.4 1 0
github.com/Heikkila-Pty-Ltd/chum-v2/internal/engine/activities.go:297.3,297.47 1 0
github.com/Heikkila-Pty-Ltd/chum-v2/internal/engine/activities.go:300.2,300.24 1 0
github.com/Heikkila-Pty-Ltd/chum-v2/internal/engine/activities.go:300.24,302.3 1 0
github.com/Heikkila-Pty-Ltd/chum-v2/internal/engine/activities.go:303.2,303.37 1 0
github.com/Heikkila-Pty-Ltd/chum-v2/internal/engine/agent.go:21.65,29.23 5 0
github.com/Heikkila-Pty-Ltd/chum-v2/internal/engine/agent.go:29.23,31.3 1 0
github.com/Heikkila-Pty-Ltd/chum-v2/internal/engine/agent.go:32.2,33.22 2 0
github.com/Heikkila-Pty-Ltd/chum-v2/internal/engine/agent.go:33.22,35.3 1 0
github.com/Heikkila-Pty-Ltd/chum-v2/internal/engine/agent.go:36.2,37.24 2 0
github.com/Heikkila-Pty-Ltd/chum-v2/internal/engine/agent.go:37.24,39.3 1 0
github.com/Heikkila-Pty-Ltd/chum-v2/internal/engine/agent.go:41.2,65.130 8 0
github.com/Heikkila-Pty-Ltd/chum-v2/internal/engine/agent.go:65.130,70.19 2 0
github.com/Heikkila-Pty-Ltd/chum-v2/internal/engine/agent.go:70.19,72.4 1 0
github.com/Heikkila-Pty-Ltd/chum-v2/internal/engine/agent.go:73.3,73.80 1 0
github.com/Heikkila-Pty-Ltd/chum-v2/internal/engine/agent.go:75.2,80.20 4 0
github.com/Heikkila-Pty-Ltd/chum-v2/internal/engine/agent.go:80.20,81.14 1 0
github.com/Heikkila-Pty-Ltd/chum-v2/internal/engine/agent.go:81.14,83.4 1 0
github.com/Heikkila-Pty-Ltd/chum-v2/internal/engine/agent.go:84.3,86.109 3 0
github.com/Heikkila-Pty-Ltd/chum-v2/internal/engine/agent.go:88.2,94.24 3 0
github.com/Heikkila-Pty-Ltd/chum-v2/internal/engine/agent.go:94.24,98.25 1 0
github.com/Heikkila-Pty-Ltd/chum-v2/internal/engine/agent.go:98.25,100.4 1 0
github.com/Heikkila-Pty-Ltd/chum-v2/internal/engine/agent.go:100.9,103.112 3 0
github.com/Heikkila-Pty-Ltd/chum-v2/internal/engine/agent.go:103.112,108.21 2 0
github.com/Heikkila-Pty-Ltd/chum-v2/internal/engine/agent.go:108.21,110.6 1 0
github.com/Heikkila-Pty-Ltd/chum-v2/internal/engine/agent.go:111.5,111.51 1 0
github.com/Heikkila-Pty-Ltd/chum-v2/internal/engine/agent.go:113.4,113.59 1 0
github.com/Heikkila-Pty-Ltd/chum-v2/internal/engine/agent.go:113.59,116.85 2 0
github.com/Heikkila-Pty-Ltd/chum-v2/internal/engine/agent.go:116.85,121.22 2 0
github.com/Heikkila-Pty-Ltd/chum-v2/internal/engine/agent.go:121.22,123.7 1 0
github.com/Heikkila-Pty-Ltd/chum-v2/internal/engine/agent.go:124.6,124.59 1 0
github.com/Heikkila-Pty-Ltd/chum-v2/internal/engine/agent.go:126.5,131.7 3 0
github.com/Heikkila-Pty-Ltd/chum-v2/internal/engine/agent.go:137.2,139.104 3 0
github.com/Heikkila-Pty-Ltd/chum-v2/internal/engine/agent.go:139.104,144.19 2 0
github.com/Heikkila-Pty-Ltd/chum-v2/internal/engine/agent.go:144.19,146.4 1 0
github.com/Heikkila-Pty-Ltd/chum-v2/internal/engine/agent.go:147.3,147.47 1 0
github.com/Heikkila-Pty-Ltd/chum-v2/internal/engine/agent.go:149.2,154.124 4 0
github.com/Heikkila-Pty-Ltd/chum-v2/internal/engine/agent.go:154.124,159.19 2 0
github.com/Heikkila-Pty-Ltd/chum-v2/internal/engine/agent.go:159.19,161.4 1 0
github.com/Heikkila-Pty-Ltd/chum-v2/internal/engine/agent.go:162.3,162.42 1 0
github.com/Heikkila-Pty-Ltd/chum-v2/internal/engine/agent.go:165.2,165.23 1 0
github.com/Heikkila-Pty-Ltd/chum-v2/internal/engine/agent.go:165.23,170.19 2 0
github.com/Heikkila-Pty-Ltd/chum-v2/internal/engine/agent.go:170.19,172.4 1 0
github.com/Heikkila-Pty-Ltd/chum-v2/internal/engine/agent.go:173.3,173.58 1 0
github.com/Heikkila-Pty-Ltd/chum-v2/internal/engine/agent.go:177.2,180.101 3 0
github.com/Heikkila-Pty-Ltd/chum-v2/internal/engine/agent.go:180.101,186.3 2 0
github.com/Heikkila-Pty-Ltd/chum-v2/internal/engine/agent.go:188.2,191.120 4 0
github.com/Heikkila-Pty-Ltd/chum-v2/internal/engine/agent.go:191.120,197.3 2 0
github.com/Heikkila-Pty-Ltd/chum-v2/internal/engine/agent.go:200.2,201.126 2 0
github.com/Heikkila-Pty-Ltd/chum-v2/internal/engine/agent.go:201.126,209.3 2 0
github.com/Heikkila-Pty-Ltd/chum-v2/internal/engine/agent.go:211.2,214.52 3 0
github.com/Heikkila-Pty-Ltd/chum-v2/internal/engine/agent.go:214.52,219.79 3 0
github.com/Heikkila-Pty-Ltd/chum-v2/internal/engine/agent.go:219.79,227.4 2 0
github.com/Heikkila-Pty-Ltd/chum-v2/internal/engine/agent.go:229.3,229.114 1 0
github.com/Heikkila-Pty-Ltd/chum-v2/internal/engine/agent.go:229.114,237.4 2 0
github.com/Heikkila-Pty-Ltd/chum-v2/internal/engine/agent.go:239.3,241.129 2 0
github.com/Heikkila-Pty-Ltd/chum-v2/internal/engine/agent.go:241.129,249.4 2 0
github.com/Heikkila-Pty-Ltd/chum-v2/internal/engine/agent.go:251.3,253.99 2 0
github.com/Heikkila-Pty-Ltd/chum-v2/internal/engine/agent.go:253.99,261.4 2 0
github.com/Heikkila-Pty-Ltd/chum-v2/internal/engine/agent.go:263.3,263.24 1 0
github.com/Heikkila-Pty-Ltd/chum-v2/internal/engine/agent.go:264.23,266.122 2 0
github.com/Heikkila-Pty-Ltd/chum-v2/internal/engine/agent.go:266.122,274.5 2 0
github.com/Heikkila-Pty-Ltd/chum-v2/internal/engine/agent.go:275.4,275.20 1 0
github.com/Heikkila-Pty-Ltd/chum-v2/internal/engine/agent.go:275.20,283.5 2 0
github.com/Heikkila-Pty-Ltd/chum-v2/internal/engine/agent.go:284.4,285.17 2 0
github.com/Heikkila-Pty-Ltd/chum-v2/internal/engine/agent.go:285.17,287.5 1 0
github.com/Heikkila-Pty-Ltd/chum-v2/internal/engine/agent.go:288.4,293.6 1 0
github.com/Heikkila-Pty-Ltd/chum-v2/internal/engine/agent.go:295.31,296.32 1 0
github.com/Heikkila-Pty-Ltd/chum-v2/internal/engine/agent.go:296.32,303.5 1 0
github.com/Heikkila-Pty-Ltd/chum-v2/internal/engine/agent.go:305.4,306.26 2 0
github.com/Heikkila-Pty-Ltd/chum-v2/internal/engine/agent.go:306.26,309.80 2 0
github.com/Heikkila-Pty-Ltd/chum-v2/internal/engine/agent.go:309.80,311.22 2 0
github.com/Heikkila-Pty-Ltd/chum-v2/internal/engine/agent.go:311.22,312.25 1 0
github.com/Heikkila-Pty-Ltd/chum-v2/internal/engine/agent.go:312.25,314.8 1 0
github.com/Heikkila-Pty-Ltd/chum-v2/internal/engine/agent.go:315.7,315.48 1 0
github.com/Heikkila-Pty-Ltd/chum-v2/internal/engine/agent.go:319.4,321.106 2 0
github.com/Heikkila-Pty-Ltd/chum-v2/internal/engine/agent.go:321.106,329.5 2 0
github.com/Heikkila-Pty-Ltd/chum-v2/internal/engine/agent.go:330.4,330.126 1 0
github.com/Heikkila-Pty-Ltd/chum-v2/internal/engine/agent.go:330.126,338.5 2 0
github.com/Heikkila-Pty-Ltd/chum-v2/internal/engine/agent.go:339.4,339.25 1 0
github.com/Heikkila-Pty-Ltd/chum-v2/internal/engine/agent.go:339.25,346.5 1 0
github.com/Heikkila-Pty-Ltd/chum-v2/internal/engine/agent.go:347.4,347.103 1 0
github.com/Heikkila-Pty-Ltd/chum-v2/internal/engine/agent.go:347.103,355.5 2 0
github.com/Heikkila-Pty-Ltd/chum-v2/internal/engine/agent.go:357.4,358.128 2 0
github.com/Heikkila-Pty-Ltd/chum-v2/internal/engine/agent.go:358.128,366.5 2 0
github.com/Heikkila-Pty-Ltd/chum-v2/internal/engine/agent.go:367.4,367.31 1 0
github.com/Heikkila-Pty-Ltd/chum-v2/internal/engine/agent.go:367.31,375.5 2 0
github.com/Heikkila-Pty-Ltd/chum-v2/internal/engine/agent.go:376.4,376.22 1 0
github.com/Heikkila-Pty-Ltd/chum-v2/internal/engine/agent.go:378.25,384.6 1 0
github.com/Heikkila-Pty-Ltd/chum-v2/internal/engine/agent.go:386.23,392.6 1 0
github.com/Heikkila-Pty-Ltd/chum-v2/internal/engine/agent.go:394.11,400.6 1 0
github.com/Heikkila-Pty-Ltd/chum-v2/internal/engine/agent.go:404.2,409.4 1 0
github.com/Heikkila-Pty-Ltd/chum-v2/internal/engine/agent.go:413.57,415.33 1 0
github.com/Heikkila-Pty-Ltd/chum-v2/internal/engine/agent.go:415.33,417.58 2 0
github.com/Heikkila-Pty-Ltd/chum-v2/internal/engine/agent.go:417.58,419.4 1 0
github.com/Heikkila-Pty-Ltd/chum-v2/internal/engine/agent.go:420.3,420.26 1 0
github.com/Heikkila-Pty-Ltd/chum-v2/internal/engine/agent.go:420.26,422.4 1 0
github.com/Heikkila-Pty-Ltd/chum-v2/internal/engine/agent.go:423.3,423.15 1 0
github.com/Heikkila-Pty-Ltd/chum-v2/internal/engine/agent.go:425.2,425.33 1 0
github.com/Heikkila-Pty-Ltd/chum-v2/internal/engine/agent.go:430.88,432.20 2 0
github.com/Heikkila-Pty-Ltd/chum-v2/internal/engine/agent.go:432.20,434.3 1 0
github.com/Heikkila-Pty-Ltd/chum-v2/internal/engine/agent.go:435.2,435.88 1 0
github.com/Heikkila-Pty-Ltd/chum-v2/internal/engine/agent.go:438.115,446.21 6 0
github.com/Heikkila-Pty-Ltd/chum-v2/internal/engine/agent.go:446.21,448.3 1 0
github.com/Heikkila-Pty-Ltd/chum-v2/internal/engine/agent.go:449.2,449.22 1 0
github.com/Heikkila-Pty-Ltd/chum-v2/internal/engine/agent.go:449.22,451.3 1 0
github.com/Heikkila-Pty-Ltd/chum-v2/internal/engine/agent.go:452.2,452.12 1 0
github.com/Heikkila-Pty-Ltd/chum-v2/internal/engine/decompose.go:18.107,26.16 6 0
github.com/Heikkila-Pty-Ltd/chum-v2/internal/engine/decompose.go:26.16,28.3 1 0
github.com/Heikkila-Pty-Ltd/chum-v2/internal/engine/decompose.go:29.2,29.26 1 0
github.com/Heikkila-Pty-Ltd/chum-v2/internal/engine/decompose.go:29.26,31.3 1 0
github.com/Heikkila-Pty-Ltd/chum-v2/internal/engine/decompose.go:33.2,34.19 2 0
github.com/Heikkila-Pty-Ltd/chum-v2/internal/engine/decompose.go:34.19,37.3 2 0
github.com/Heikkila-Pty-Ltd/chum-v2/internal/engine/decompose.go:39.2,40.65 2 0
github.com/Heikkila-Pty-Ltd/chum-v2/internal/engine/decompose.go:40.65,43.3 2 0
github.com/Heikkila-Pty-Ltd/chum-v2/internal/engine/decompose.go:45.2,45.28 1 0
github.com/Heikkila-Pty-Ltd/chum-v2/internal/engine/decompose.go:45.28,47.3 1 0
github.com/Heikkila-Pty-Ltd/chum-v2/internal/engine/decompose.go:49.2,50.21 2 0
github.com/Heikkila-Pty-Ltd/chum-v2/internal/engine/decompose.go:57.136,61.29 3 0
github.com/Heikkila-Pty-Ltd/chum-v2/internal/engine/decompose.go:61.29,70.3 1 0
github.com/Heikkila-Pty-Ltd/chum-v2/internal/engine/decompose.go:72.2,73.16 2 0
github.com/Heikkila-Pty-Ltd/chum-v2/internal/engine/decompose.go:73.16,75.3 1 0
github.com/Heikkila-Pty-Ltd/chum-v2/internal/engine/decompose.go:76.2,82.24 3 0
github.com/Heikkila-Pty-Ltd/chum-v2/internal/engine/decompose.go:82.24,84.17 2 0
github.com/Heikkila-Pty-Ltd/chum-v2/internal/engine/decompose.go:84.17,86.4 1 0
github.com/Heikkila-Pty-Ltd/chum-v2/internal/engine/decompose.go:86.9,88.4 1 0
github.com/Heikkila-Pty-Ltd/chum-v2/internal/engine/decompose.go:91.2,91.17 1 0
github.com/Heikkila-Pty-Ltd/chum-v2/internal/engine/decompose.go:94.63,115.2 1 0
github.com/Heikkila-Pty-Ltd/chum-v2/internal/engine/dispatcher.go:22.65,36.107 7 1
github.com/Heikkila-Pty-Ltd/chum-v2/internal/engine/dispatcher.go:36.107,39.3 2 1
github.com/Heikkila-Pty-Ltd/chum-v2/internal/engine/dispatcher.go:41.2,41.26 1 1
github.com/Heikkila-Pty-Ltd/chum-v2/internal/engine/dispatcher.go:41.26,44.3 2 1
github.com/Heikkila-Pty-Ltd/chum-v2/internal/engine/dispatcher.go:46.2,49.31 2 1
github.com/Heikkila-Pty-Ltd/chum-v2/internal/engine/dispatcher.go:49.31,52.111 2 1
github.com/Heikkila-Pty-Ltd/chum-v2/internal/engine/dispatcher.go:52.111,54.12 2 1
github.com/Heikkila-Pty-Ltd/chum-v2/internal/engine/dispatcher.go:57.3,70.91 6 1
github.com/Heikkila-Pty-Ltd/chum-v2/internal/engine/dispatcher.go:70.91,72.12 2 0
github.com/Heikkila-Pty-Ltd/chum-v2/internal/engine/dispatcher.go:74.3,74.126 1 1
github.com/Heikkila-Pty-Ltd/chum-v2/internal/engine/dispatcher.go:77.2,77.12 1 1
github.com/Heikkila-Pty-Ltd/chum-v2/internal/engine/dispatcher.go:104.97,106.2 1 0
github.com/Heikkila-Pty-Ltd/chum-v2/internal/engine/dispatcher.go:109.104,112.55 2 0
github.com/Heikkila-Pty-Ltd/chum-v2/internal/engine/dispatcher.go:112.55,113.23 1 0
github.com/Heikkila-Pty-Ltd/chum-v2/internal/engine/dispatcher.go:113.23,114.12 1 0
github.com/Heikkila-Pty-Ltd/chum-v2/internal/engine/dispatcher.go:118.3,121.17 3 0
github.com/Heikkila-Pty-Ltd/chum-v2/internal/engine/dispatcher.go:121.17,123.4 1 0
github.com/Heikkila-Pty-Ltd/chum-v2/internal/engine/dispatcher.go:126.3,127.23 2 0
github.com/Heikkila-Pty-Ltd/chum-v2/internal/engine/dispatcher.go:127.23,129.4 1 0
github.com/Heikkila-Pty-Ltd/chum-v2/internal/engine/dispatcher.go:131.3,131.27 1 0
github.com/Heikkila-Pty-Ltd/chum-v2/internal/engine/dispatcher.go:131.27,137.26 4 0
github.com/Heikkila-Pty-Ltd/chum-v2/internal/engine/dispatcher.go:137.26,139.5 1 0
github.com/Heikkila-Pty-Ltd/chum-v2/internal/engine/dispatcher.go:141.4,153.6 1 0
github.com/Heikkila-Pty-Ltd/chum-v2/internal/engine/dispatcher.go:157.2,157.24 1 0
github.com/Heikkila-Pty-Ltd/chum-v2/internal/engine/dispatcher.go:162.75,165.50 3 0
github.com/Heikkila-Pty-Ltd/chum-v2/internal/engine/dispatcher.go:165.50,169.54 3 0
github.com/Heikkila-Pty-Ltd/chum-v2/internal/engine/dispatcher.go:169.54,175.4 2 0
github.com/Heikkila-Pty-Ltd/chum-v2/internal/engine/dispatcher.go:178.2,180.50 3 0
github.com/Heikkila-Pty-Ltd/chum-v2/internal/engine/dispatcher.go:180.50,184.3 1 0
github.com/Heikkila-Pty-Ltd/chum-v2/internal/engine/dispatcher.go:184.8,186.3 1 0
github.com/Heikkila-Pty-Ltd/chum-v2/internal/engine/notify.go:12.80,16.15 3 0
github.com/Heikkila-Pty-Ltd/chum-v2/internal/engine/notify.go:16.15,18.3 1 0
github.com/Heikkila-Pty-Ltd/chum-v2/internal/engine/notify.go:20.2,20.23 1 0
github.com/Heikkila-Pty-Ltd/chum-v2/internal/engine/notify.go:20.23,23.3 2 0
github.com/Heikkila-Pty-Ltd/chum-v2/internal/engine/notify.go:25.2,26.21 2 0
github.com/Heikkila-Pty-Ltd/chum-v2/internal/engine/notify.go:26.21,28.3 1 0
github.com/Heikkila-Pty-Ltd/chum-v2/internal/engine/notify.go:29.2,29.42 1 0
github.com/Heikkila-Pty-Ltd/chum-v2/internal/engine/review.go:41.138,46.16 4 0
github.com/Heikkila-Pty-Ltd/chum-v2/internal/engine/review.go:46.16,48.3 1 0
github.com/Heikkila-Pty-Ltd/chum-v2/internal/engine/review.go:50.2,52.16 3 0
github.com/Heikkila-Pty-Ltd/chum-v2/internal/engine/review.go:52.16,54.3 1 0
github.com/Heikkila-Pty-Ltd/chum-v2/internal/engine/review.go:55.2,55.26 1 0
github.com/Heikkila-Pty-Ltd/chum-v2/internal/engine/review.go:55.26,57.3 1 0
github.com/Heikkila-Pty-Ltd/chum-v2/internal/engine/review.go:59.2,60.13 2 0
github.com/Heikkila-Pty-Ltd/chum-v2/internal/engine/review.go:60.13,63.3 1 0
github.com/Heikkila-Pty-Ltd/chum-v2/internal/engine/review.go:65.2,70.8 1 0
github.com/Heikkila-Pty-Ltd/chum-v2/internal/engine/review.go:75.169,77.16 2 0
github.com/Heikkila-Pty-Ltd/chum-v2/internal/engine/review.go:77.16,79.3 1 0
github.com/Heikkila-Pty-Ltd/chum-v2/internal/engine/review.go:80.2,80.90 1 0
github.com/Heikkila-Pty-Ltd/chum-v2/internal/engine/review.go:80.90,88.3 1 0
github.com/Heikkila-Pty-Ltd/chum-v2/internal/engine/review.go:90.2,91.61 2 0
github.com/Heikkila-Pty-Ltd/chum-v2/internal/engine/review.go:91.61,93.3 1 0
github.com/Heikkila-Pty-Ltd/chum-v2/internal/engine/review.go:94.2,95.22 2 0
github.com/Heikkila-Pty-Ltd/chum-v2/internal/engine/review.go:95.22,97.3 1 0
github.com/Heikkila-Pty-Ltd/chum-v2/internal/engine/review.go:98.2,101.16 3 0
github.com/Heikkila-Pty-Ltd/chum-v2/internal/engine/review.go:101.16,103.3 1 0
github.com/Heikkila-Pty-Ltd/chum-v2/internal/engine/review.go:105.2,113.16 3 0
github.com/Heikkila-Pty-Ltd/chum-v2/internal/engine/review.go:113.16,115.3 1 0
github.com/Heikkila-Pty-Ltd/chum-v2/internal/engine/review.go:117.2,118.61 2 0
github.com/Heikkila-Pty-Ltd/chum-v2/internal/engine/review.go:118.61,120.3 1 0
github.com/Heikkila-Pty-Ltd/chum-v2/internal/engine/review.go:122.2,128.8 1 0
github.com/Heikkila-Pty-Ltd/chum-v2/internal/engine/review.go:132.155,134.16 2 0
github.com/Heikkila-Pty-Ltd/chum-v2/internal/engine/review.go:134.16,139.3 1 0
github.com/Heikkila-Pty-Ltd/chum-v2/internal/engine/review.go:140.2,141.8 2 0
github.com/Heikkila-Pty-Ltd/chum-v2/internal/engine/review.go:141.8,149.3 1 0
github.com/Heikkila-Pty-Ltd/chum-v2/internal/engine/review.go:151.2,154.8 1 0
github.com/Heikkila-Pty-Ltd/chum-v2/internal/engine/review.go:158.132,159.19 1 0
github.com/Heikkila-Pty-Ltd/chum-v2/internal/engine/review.go:159.19,161.3 1 0
github.com/Heikkila-Pty-Ltd/chum-v2/internal/engine/review.go:162.2,163.16 2 0
github.com/Heikkila-Pty-Ltd/chum-v2/internal/engine/review.go:163.16,165.3 1 0
github.com/Heikkila-Pty-Ltd/chum-v2/internal/engine/review.go:167.2,169.16 2 0
github.com/Heikkila-Pty-Ltd/chum-v2/internal/engine/review.go:169.16,171.3 1 0
github.com/Heikkila-Pty-Ltd/chum-v2/internal/engine/review.go:173.2,174.63 2 0
github.com/Heikkila-Pty-Ltd/chum-v2/internal/engine/review.go:174.63,176.3 1 0
github.com/Heikkila-Pty-Ltd/chum-v2/internal/engine/review.go:177.2,177.24 1 0
github.com/Heikkila-Pty-Ltd/chum-v2/internal/engine/review.go:177.24,179.3 1 0
github.com/Heikkila-Pty-Ltd/chum-v2/internal/engine/review.go:181.2,182.29 2 0
github.com/Heikkila-Pty-Ltd/chum-v2/internal/engine/review.go:182.29,184.17 2 0
github.com/Heikkila-Pty-Ltd/chum-v2/internal/engine/review.go:184.17,186.4 1 0
github.com/Heikkila-Pty-Ltd/chum-v2/internal/engine/review.go:187.3,188.17 2 0
github.com/Heikkila-Pty-Ltd/chum-v2/internal/engine/review.go:188.17,189.12 1 0
github.com/Heikkila-Pty-Ltd/chum-v2/internal/engine/review.go:191.3,191.63 1 0
github.com/Heikkila-Pty-Ltd/chum-v2/internal/engine/review.go:193.2,193.61 1 0
github.com/Heikkila-Pty-Ltd/chum-v2/internal/engine/review.go:197.111,199.16 2 0
github.com/Heikkila-Pty-Ltd/chum-v2/internal/engine/review.go:199.16,201.3 1 0
github.com/Heikkila-Pty-Ltd/chum-v2/internal/engine/review.go:203.2,203.15 1 0
github.com/Heikkila-Pty-Ltd/chum-v2/internal/engine/review.go:204.15,206.17 2 0
github.com/Heikkila-Pty-Ltd/chum-v2/internal/engine/review.go:206.17,208.4 1 0
github.com/Heikkila-Pty-Ltd/chum-v2/internal/engine/review.go:209.3,209.54 1 0
github.com/Heikkila-Pty-Ltd/chum-v2/internal/engine/review.go:210.17,211.25 1 0
github.com/Heikkila-Pty-Ltd/chum-v2/internal/engine/review.go:211.25,213.4 1 0
github.com/Heikkila-Pty-Ltd/chum-v2/internal/engine/review.go:214.3,214.101 1 0
github.com/Heikkila-Pty-Ltd/chum-v2/internal/engine/review.go:215.70,216.102 1 0
github.com/Heikkila-Pty-Ltd/chum-v2/internal/engine/review.go:217.10,218.102 1 0
github.com/Heikkila-Pty-Ltd/chum-v2/internal/engine/review.go:223.92,225.16 2 0
github.com/Heikkila-Pty-Ltd/chum-v2/internal/engine/review.go:225.16,227.3 1 0
github.com/Heikkila-Pty-Ltd/chum-v2/internal/engine/review.go:228.2,228.34 1 0
github.com/Heikkila-Pty-Ltd/chum-v2/internal/engine/review.go:228.34,230.3 1 0
github.com/Heikkila-Pty-Ltd/chum-v2/internal/engine/review.go:231.2,231.12 1 0
github.com/Heikkila-Pty-Ltd/chum-v2/internal/engine/review.go:235.104,237.16 2 0
github.com/Heikkila-Pty-Ltd/chum-v2/internal/engine/review.go:237.16,239.3 1 0
github.com/Heikkila-Pty-Ltd/chum-v2/internal/engine/review.go:240.2,241.17 2 0
github.com/Heikkila-Pty-Ltd/chum-v2/internal/engine/review.go:241.17,243.3 1 0
github.com/Heikkila-Pty-Ltd/chum-v2/internal/engine/review.go:244.2,244.19 1 0
github.com/Heikkila-Pty-Ltd/chum-v2/internal/engine/review.go:248.43,249.37 1 0
github.com/Heikkila-Pty-Ltd/chum-v2/internal/engine/review.go:250.16,251.18 1 0
github.com/Heikkila-Pty-Ltd/chum-v2/internal/engine/review.go:252.16,253.18 1 0
github.com/Heikkila-Pty-Ltd/chum-v2/internal/engine/review.go:254.15,255.18 1 0
github.com/Heikkila-Pty-Ltd/chum-v2/internal/engine/review.go:256.10,257.18 1 0
github.com/Heikkila-Pty-Ltd/chum-v2/internal/engine/review.go:261.101,264.21 3 0
github.com/Heikkila-Pty-Ltd/chum-v2/internal/engine/review.go:264.21,266.3 1 0
github.com/Heikkila-Pty-Ltd/chum-v2/internal/engine/review.go:269.2,269.39 1 0
github.com/Heikkila-Pty-Ltd/chum-v2/internal/engine/review.go:269.39,270.69 1 0
github.com/Heikkila-Pty-Ltd/chum-v2/internal/engine/review.go:270.69,271.43 1 0
github.com/Heikkila-Pty-Ltd/chum-v2/internal/engine/review.go:271.43,273.5 1 0
github.com/Heikkila-Pty-Ltd/chum-v2/internal/engine/review.go:274.4,274.9 1 0
github.com/Heikkila-Pty-Ltd/chum-v2/internal/engine/review.go:277.2,277.39 1 0
github.com/Heikkila-Pty-Ltd/chum-v2/internal/engine/review.go:277.39,278.73 1 0
github.com/Heikkila-Pty-Ltd/chum-v2/internal/engine/review.go:278.73,280.9 2 0
github.com/Heikkila-Pty-Ltd/chum-v2/internal/engine/review.go:283.2,283.37 1 0
github.com/Heikkila-Pty-Ltd/chum-v2/internal/engine/review.go:286.65,302.2 1 0
github.com/Heikkila-Pty-Ltd/chum-v2/internal/engine/review.go:304.82,308.29 4 0
github.com/Heikkila-Pty-Ltd/chum-v2/internal/engine/review.go:308.29,309.36 1 0
github.com/Heikkila-Pty-Ltd/chum-v2/internal/engine/review.go:309.36,311.9 2 0
github.com/Heikkila-Pty-Ltd/chum-v2/internal/engine/review.go:314.2,314.17 1 0
github.com/Heikkila-Pty-Ltd/chum-v2/internal/engine/review.go:314.17,316.3 1 0
github.com/Heikkila-Pty-Ltd/chum-v2/internal/engine/review.go:318.2,320.11 3 0
github.com/Heikkila-Pty-Ltd/chum-v2/internal/engine/review.go:321.36,322.17 1 0
github.com/Heikkila-Pty-Ltd/chum-v2/internal/engine/review.go:322.17,323.22 1 0
github.com/Heikkila-Pty-Ltd/chum-v2/internal/engine/review.go:323.22,325.5 1 0
github.com/Heikkila-Pty-Ltd/chum-v2/internal/engine/review.go:325.10,327.5 1 0
github.com/Heikkila-Pty-Ltd/chum-v2/internal/engine/review.go:329.3,329.24 1 0
github.com/Heikkila-Pty-Ltd/chum-v2/internal/engine/review.go:330.10,332.121 2 0
github.com/Heikkila-Pty-Ltd/chum-v2/internal/engine/review.go:336.94,338.48 2 0
github.com/Heikkila-Pty-Ltd/chum-v2/internal/engine/review.go:338.48,340.3 1 0
github.com/Heikkila-Pty-Ltd/chum-v2/internal/engine/review.go:342.2,343.16 2 0
github.com/Heikkila-Pty-Ltd/chum-v2/internal/engine/review.go:343.16,345.3 1 0
github.com/Heikkila-Pty-Ltd/chum-v2/internal/engine/review.go:346.2,346.26 1 0
github.com/Heikkila-Pty-Ltd/chum-v2/internal/engine/review.go:349.34,351.27 2 0
github.com/Heikkila-Pty-Ltd/chum-v2/internal/engine/review.go:351.27,353.3 1 0
github.com/Heikkila-Pty-Ltd/chum-v2/internal/engine/review.go:354.2,354.52 1 0
github.com/Heikkila-Pty-Ltd/chum-v2/internal/engine/review.go:357.36,359.2 1 0
github.com/Heikkila-Pty-Ltd/chum-v2/internal/engine/review.go:361.55,362.51 1 0
github.com/Heikkila-Pty-Ltd/chum-v2/internal/engine/review.go:363.18,364.24 1 0
github.com/Heikkila-Pty-Ltd/chum-v2/internal/engine/review.go:365.27,366.32 1 0
github.com/Heikkila-Pty-Ltd/chum-v2/internal/engine/review.go:367.10,368.26 1 0
github.com/Heikkila-Pty-Ltd/chum-v2/internal/engine/review.go:372.91,374.16 2 0
github.com/Heikkila-Pty-Ltd/chum-v2/internal/engine/review.go:374.16,376.3 1 0
github.com/Heikkila-Pty-Ltd/chum-v2/internal/engine/review.go:378.2,379.16 2 0
github.com/Heikkila-Pty-Ltd/chum-v2/internal/engine/review.go:379.16,381.3 1 0
github.com/Heikkila-Pty-Ltd/chum-v2/internal/engine/review.go:382.2,383.62 2 0
github.com/Heikkila-Pty-Ltd/chum-v2/internal/engine/review.go:383.62,385.3 1 0
github.com/Heikkila-Pty-Ltd/chum-v2/internal/engine/review.go:386.2,386.21 1 0
github.com/Heikkila-Pty-Ltd/chum-v2/internal/engine/review.go:389.110,396.28 6 0
github.com/Heikkila-Pty-Ltd/chum-v2/internal/engine/review.go:396.28,397.72 1 0
github.com/Heikkila-Pty-Ltd/chum-v2/internal/engine/review.go:397.72,398.12 1 0
github.com/Heikkila-Pty-Ltd/chum-v2/internal/engine/review.go:400.3,400.47 1 0
github.com/Heikkila-Pty-Ltd/chum-v2/internal/engine/review.go:400.47,401.12 1 0
github.com/Heikkila-Pty-Ltd/chum-v2/internal/engine/review.go:403.3,403.65 1 0
github.com/Heikkila-Pty-Ltd/chum-v2/internal/engine/review.go:403.65,404.12 1 0
github.com/Heikkila-Pty-Ltd/chum-v2/internal/engine/review.go:406.3,406.40 1 0
github.com/Heikkila-Pty-Ltd/chum-v2/internal/engine/review.go:406.40,407.12 1 0
github.com/Heikkila-Pty-Ltd/chum-v2/internal/engine/review.go:409.3,410.15 2 0
github.com/Heikkila-Pty-Ltd/chum-v2/internal/engine/review.go:412.2,412.20 1 0
github.com/Heikkila-Pty-Ltd/chum-v2/internal/engine/review.go:415.79,417.16 2 0
github.com/Heikkila-Pty-Ltd/chum-v2/internal/engine/review.go:417.16,419.3 1 0
github.com/Heikkila-Pty-Ltd/chum-v2/internal/engine/review.go:420.2,420.46 1 0
github.com/Heikkila-Pty-Ltd/chum-v2/internal/engine/review.go:423.51,425.9 2 0
github.com/Heikkila-Pty-Ltd/chum-v2/internal/engine/review.go:426.52,429.31 3 0
github.com/Heikkila-Pty-Ltd/chum-v2/internal/engine/review.go:429.31,431.4 1 0
github.com/Heikkila-Pty-Ltd/chum-v2/internal/engine/review.go:432.56,435.31 3 0
github.com/Heikkila-Pty-Ltd/chum-v2/internal/engine/review.go:435.31,437.4 1 0
github.com/Heikkila-Pty-Ltd/chum-v2/internal/engine/review.go:438.55,441.31 3 0
github.com/Heikkila-Pty-Ltd/chum-v2/internal/engine/review.go:441.31,443.4 1 0
github.com/Heikkila-Pty-Ltd/chum-v2/internal/engine/review.go:445.2,445.68 1 0
github.com/Heikkila-Pty-Ltd/chum-v2/internal/engine/review.go:448.88,452.16 4 0
github.com/Heikkila-Pty-Ltd/chum-v2/internal/engine/review.go:452.16,454.3 1 0
github.com/Heikkila-Pty-Ltd/chum-v2/internal/engine/review.go:455.2,455.25 1 0
github.com/Heikkila-Pty-Ltd/chum-v2/internal/engine/review.go:458.110,460.16 2 0
github.com/Heikkila-Pty-Ltd/chum-v2/internal/engine/review.go:460.16,462.3 1 0
github.com/Heikkila-Pty-Ltd/chum-v2/internal/engine/review.go:463.2,464.62 2 0
github.com/Heikkila-Pty-Ltd/chum-v2/internal/engine/review.go:464.62,466.3 1 0
github.com/Heikkila-Pty-Ltd/chum-v2/internal/engine/review.go:467.2,467.79 1 0
github.com/Heikkila-Pty-Ltd/chum-v2/internal/engine/review.go:470.37,472.2 1 0
github.com/Heikkila-Pty-Ltd/chum-v2/internal/engine/schedule.go:18.83,23.19 2 0
github.com/Heikkila-Pty-Ltd/chum-v2/internal/engine/schedule.go:23.19,25.3 1 0
github.com/Heikkila-Pty-Ltd/chum-v2/internal/engine/schedule.go:26.2,27.16 2 0
github.com/Heikkila-Pty-Ltd/chum-v2/internal/engine/schedule.go:27.16,29.3 1 0
github.com/Heikkila-Pty-Ltd/chum-v2/internal/engine/schedule.go:30.2,30.15 1 0
github.com/Heikkila-Pty-Ltd/chum-v2/internal/engine/schedule.go:45.107,62.16 3 0
github.com/Heikkila-Pty-Ltd/chum-v2/internal/engine/schedule.go:62.16,66.46 2 0
github.com/Heikkila-Pty-Ltd/chum-v2/internal/engine/schedule.go:66.46,69.4 2 0
github.com/Heikkila-Pty-Ltd/chum-v2/internal/engine/schedule.go:70.3,70.60 1 0
github.com/Heikkila-Pty-Ltd/chum-v2/internal/engine/schedule.go:73.2,74.12 2 0
github.com/Heikkila-Pty-Ltd/chum-v2/internal/engine/schedule.go:82.70,84.2 1 0
github.com/Heikkila-Pty-Ltd/chum-v2/internal/engine/schedule.go:85.69,87.2 1 0
github.com/Heikkila-Pty-Ltd/chum-v2/internal/engine/schedule.go:88.69,90.2 1 0
github.com/Heikkila-Pty-Ltd/chum-v2/internal/engine/schedule.go:91.70,93.2 1 0
github.com/Heikkila-Pty-Ltd/chum-v2/internal/engine/tier.go:25.50,26.9 1 0
github.com/Heikkila-Pty-Ltd/chum-v2/internal/engine/tier.go:27.28,28.20 1 0
github.com/Heikkila-Pty-Ltd/chum-v2/internal/engine/tier.go:29.41,30.16 1 0
github.com/Heikkila-Pty-Ltd/chum-v2/internal/engine/tier.go:31.45,32.20 1 0
github.com/Heikkila-Pty-Ltd/chum-v2/internal/engine/tier.go:33.10,34.19 1 0
github.com/Heikkila-Pty-Ltd/chum-v2/internal/engine/tier.go:40.38,41.14 1 0
github.com/Heikkila-Pty-Ltd/chum-v2/internal/engine/tier.go:42.14,43.11 1 0
github.com/Heikkila-Pty-Ltd/chum-v2/internal/engine/tier.go:44.18,45.11 1 0
github.com/Heikkila-Pty-Ltd/chum-v2/internal/engine/tier.go:46.17,47.11 1 0
github.com/Heikkila-Pty-Ltd/chum-v2/internal/engine/tier.go:48.10,49.11 1 0
github.com/Heikkila-Pty-Ltd/chum-v2/internal/engine/tier.go:54.38,55.17 1 0
github.com/Heikkila-Pty-Ltd/chum-v2/internal/engine/tier.go:56.14,57.20 1 0
github.com/Heikkila-Pty-Ltd/chum-v2/internal/engine/tier.go:58.18,59.19 1 0
github.com/Heikkila-Pty-Ltd/chum-v2/internal/engine/tier.go:60.10,61.12 1 0
github.com/Heikkila-Pty-Ltd/chum-v2/internal/engine/tier.go:67.85,68.16 1 0
github.com/Heikkila-Pty-Ltd/chum-v2/internal/engine/tier.go:68.16,70.3 1 0
github.com/Heikkila-Pty-Ltd/chum-v2/internal/engine/tier.go:71.2,71.49 1 0
github.com/Heikkila-Pty-Ltd/chum-v2/internal/engine/tier.go:71.49,73.24 2 0
github.com/Heikkila-Pty-Ltd/chum-v2/internal/engine/tier.go:73.24,74.12 1 0
github.com/Heikkila-Pty-Ltd/chum-v2/internal/engine/tier.go:76.3,76.27 1 0
github.com/Heikkila-Pty-Ltd/chum-v2/internal/engine/tier.go:78.2,78.19 1 0
github.com/Heikkila-Pty-Ltd/chum-v2/internal/engine/tier.go:84.83,85.40 1 0
github.com/Heikkila-Pty-Ltd/chum-v2/internal/engine/tier.go:85.40,87.14 2 0
github.com/Heikkila-Pty-Ltd/chum-v2/internal/engine/tier.go:87.14,89.4 1 0
github.com/Heikkila-Pty-Ltd/chum-v2/internal/engine/tier.go:91.2,91.29 1 0
github.com/Heikkila-Pty-Ltd/chum-v2/internal/engine/tier.go:95.38,98.30 3 0
github.com/Heikkila-Pty-Ltd/chum-v2/internal/engine/tier.go:98.30,99.17 1 0
github.com/Heikkila-Pty-Ltd/chum-v2/internal/engine/tier.go:99.17,101.4 1 0
github.com/Heikkila-Pty-Ltd/chum-v2/internal/engine/tier.go:102.3,102.12 1 0
github.com/Heikkila-Pty-Ltd/chum-v2/internal/engine/tier.go:102.12,104.4 1 0
github.com/Heikkila-Pty-Ltd/chum-v2/internal/engine/tier.go:106.2,106.12 1 0
github.com/Heikkila-Pty-Ltd/chum-v2/internal/engine/tier.go:106.12,108.3 1 0
github.com/Heikkila-Pty-Ltd/chum-v2/internal/engine/tier.go:109.2,109.14 1 0
github.com/Heikkila-Pty-Ltd/chum-v2/internal/engine/tier.go:113.66,114.14 1 0
github.com/Heikkila-Pty-Ltd/chum-v2/internal/engine/tier.go:115.14,116.24 1 0
github.com/Heikkila-Pty-Ltd/chum-v2/internal/engine/tier.go:117.18,118.28 1 0
github.com/Heikkila-Pty-Ltd/chum-v2/internal/engine/tier.go:119.17,120.27 1 0
github.com/Heikkila-Pty-Ltd/chum-v2/internal/engine/tier.go:121.10,122.13 1 0
github.com/Heikkila-Pty-Ltd/chum-v2/internal/engine/worker.go:33.42,35.2 1 0
github.com/Heikkila-Pty-Ltd/chum-v2/internal/engine/worker.go:39.77,41.16 2 0
github.com/Heikkila-Pty-Ltd/chum-v2/internal/engine/worker.go:41.16,43.3 1 0
github.com/Heikkila-Pty-Ltd/chum-v2/internal/engine/worker.go:44.2,57.35 9 0
github.com/Heikkila-Pty-Ltd/chum-v2/internal/engine/worker.go:57.35,59.3 1 0
github.com/Heikkila-Pty-Ltd/chum-v2/internal/engine/worker.go:61.2,71.36 6 0
github.com/Heikkila-Pty-Ltd/chum-v2/internal/engine/worker.go:76.88,78.42 2 0
github.com/Heikkila-Pty-Ltd/chum-v2/internal/engine/worker.go:78.42,79.23 1 0
github.com/Heikkila-Pty-Ltd/chum-v2/internal/engine/worker.go:79.23,80.12 1 0
github.com/Heikkila-Pty-Ltd/chum-v2/internal/engine/worker.go:82.3,83.17 2 0
github.com/Heikkila-Pty-Ltd/chum-v2/internal/engine/worker.go:83.17,86.12 3 0
github.com/Heikkila-Pty-Ltd/chum-v2/internal/engine/worker.go:88.3,88.21 1 0
github.com/Heikkila-Pty-Ltd/chum-v2/internal/engine/worker.go:90.2,91.16 2 0
github.com/Heikkila-Pty-Ltd/chum-v2/internal/engine/worker.go:95.81,96.9 1 0
github.com/Heikkila-Pty-Ltd/chum-v2/internal/engine/worker.go:97.61,98.63 1 0
github.com/Heikkila-Pty-Ltd/chum-v2/internal/engine/worker.go:99.81,100.93 1 0
github.com/Heikkila-Pty-Ltd/chum-v2/internal/engine/worker.go:101.10,102.44 1 0
github.com/Heikkila-Pty-Ltd/chum-v2/internal/engine/worker.go:109.69,150.2 25 0
github.com/Heikkila-Pty-Ltd/chum-v2/internal/engine/worker.go:155.69,179.2 12 0
github.com/Heikkila-Pty-Ltd/chum-v2/internal/engine/worker.go:182.98,191.2 5 0
github.com/Heikkila-Pty-Ltd/chum-v2/internal/engine/worker.go:194.103,195.9 1 0
github.com/Heikkila-Pty-Ltd/chum-v2/internal/engine/worker.go:196.20,197.9 1 0
github.com/Heikkila-Pty-Ltd/chum-v2/internal/engine/worker.go:198.37,198.37 0 0
github.com/Heikkila-Pty-Ltd/chum-v2/internal/engine/worker.go:202.2,210.25 2 0
github.com/Heikkila-Pty-Ltd/chum-v2/internal/engine/worker.go:210.25,212.3 1 0
github.com/Heikkila-Pty-Ltd/chum-v2/internal/engine/worker.go:214.2,214.40 1 0
github.com/Heikkila-Pty-Ltd/chum-v2/internal/engine/worker.go:214.40,229.26 2 0
github.com/Heikkila-Pty-Ltd/chum-v2/internal/engine/worker.go:229.26,231.4 1 0
github.com/Heikkila-Pty-Ltd/chum-v2/internal/engine/worker.go:236.97,242.114 2 0
github.com/Heikkila-Pty-Ltd/chum-v2/internal/engine/worker.go:242.114,244.3 1 0
github.com/Heikkila-Pty-Ltd/chum-v2/internal/engine/worker.go:247.2,249.34 3 0
github.com/Heikkila-Pty-Ltd/chum-v2/internal/engine/worker.go:249.34,251.3 1 0
github.com/Heikkila-Pty-Ltd/chum-v2/internal/engine/worker.go:252.2,253.37 2 0
github.com/Heikkila-Pty-Ltd/chum-v2/internal/engine/worker.go:253.37,255.37 2 0
github.com/Heikkila-Pty-Ltd/chum-v2/internal/engine/worker.go:255.37,257.9 2 0
github.com/Heikkila-Pty-Ltd/chum-v2/internal/engine/worker.go:261.2,262.42 2 0
github.com/Heikkila-Pty-Ltd/chum-v2/internal/engine/worker.go:262.42,264.49 2 0
github.com/Heikkila-Pty-Ltd/chum-v2/internal/engine/worker.go:264.49,266.4 1 0
github.com/Heikkila-Pty-Ltd/chum-v2/internal/engine/worker.go:267.3,267.85 1 0
github.com/Heikkila-Pty-Ltd/chum-v2/internal/engine/worker.go:270.2,271.39 2 0
github.com/Heikkila-Pty-Ltd/chum-v2/internal/engine/worker.go:271.39,272.19 1 0
github.com/Heikkila-Pty-Ltd/chum-v2/internal/engine/worker.go:272.19,274.4 1 0
github.com/Heikkila-Pty-Ltd/chum-v2/internal/engine/worker.go:277.2,293.12 2 0
github.com/Heikkila-Pty-Ltd/chum-v2/internal/engine/worker.go:293.12,296.61 3 0
github.com/Heikkila-Pty-Ltd/chum-v2/internal/engine/worker.go:296.61,298.4 1 0
github.com/Heikkila-Pty-Ltd/chum-v2/internal/engine/worker.go:304.90,315.16 5 0
github.com/Heikkila-Pty-Ltd/chum-v2/internal/engine/worker.go:315.16,319.64 2 0
github.com/Heikkila-Pty-Ltd/chum-v2/internal/engine/worker.go:319.64,322.4 2 0
github.com/Heikkila-Pty-Ltd/chum-v2/internal/engine/worker.go:323.3,323.61 1 0
github.com/Heikkila-Pty-Ltd/chum-v2/internal/engine/worker.go:325.2,326.12 2 0
